<?xml version="1.0" encoding="UTF-8"?>
<testsuite name="com.teatez.lms.example.SugmaTest" tests="1" skipped="0" failures="0" errors="0" timestamp="2019-06-15T15:41:49" hostname="Cool-Mac-Daddies-MacBook.local" time="0.003">
  <properties/>
  <testcase name="testSugma" classname="com.teatez.lms.example.SugmaTest" time="0.003"/>
  <system-out><![CDATA[]]></system-out>
  <system-err><![CDATA[]]></system-err>
</testsuite>
